07/03/2023 21:08:59 | [31merror[39m: /favicon.ico not found 
07/03/2023 21:11:49 | [31merror[39m: /user/login not found 
07/03/2023 21:12:40 | [31merror[39m: No user has been set 
07/03/2023 21:12:53 | [31merror[39m: /user/login not found 
07/03/2023 21:16:19 | [31merror[39m: No user has been set 
07/03/2023 21:16:24 | [31merror[39m: /user/login not found 
07/03/2023 21:17:53 | [31merror[39m: /user/login not found 
07/03/2023 21:20:24 | [31merror[39m: /user/login not found 
07/03/2023 21:21:10 | [31merror[39m: No user has been set 
07/03/2023 21:23:08 | [31merror[39m: No user has been set 
07/03/2023 21:57:30 | [31merror[39m: Invalid password 
07/03/2023 21:57:33 | [31merror[39m: Invalid password 
08/03/2023 23:50:51 | [31merror[39m: The first argument must be of type string or an instance of Buffer, ArrayBuffer, or Array or an Array-like Object. Received function router 
09/03/2023 00:22:29 | [31merror[39m: Invalid password 
09/03/2023 00:27:10 | [31merror[39m: Invalid password 
09/03/2023 00:27:22 | [31merror[39m: Invalid password 
09/03/2023 00:28:42 | [31merror[39m: Invalid password 
09/03/2023 00:28:43 | [31merror[39m: Invalid password 
09/03/2023 00:29:28 | [31merror[39m: Invalid password 
09/03/2023 00:29:33 | [31merror[39m: Invalid password 
09/03/2023 00:29:35 | [31merror[39m: Invalid password 
09/03/2023 00:29:48 | [31merror[39m: Invalid password 
09/03/2023 00:29:51 | [31merror[39m: Invalid password 
09/03/2023 00:30:05 | [31merror[39m: Invalid password 
09/03/2023 00:41:13 | [31merror[39m: Invalid password 
09/03/2023 00:41:15 | [31merror[39m: Invalid password 
